# JRE version: OpenJDK Runtime Environment (11.0.12+7) (build 11.0.12+7-b1504.28-7817840)
# Java VM: OpenJDK 64-Bit Server VM (11.0.12+7-b1504.28-7817840, mixed mode, tiered, compressed oops, g1 gc, windows-amd64)
Heap:
 garbage-first heap   total 115712K, used 87269K [0x0000000080000000, 0x0000000100000000)
  region size 1024K, 57 young (58368K), 5 survivors (5120K)
 Metaspace       used 48607K, capacity 49885K, committed 50252K, reserved 1093632K
  class space    used 6224K, capacity 6661K, committed 6784K, reserved 1048576K
GC Heap History (20 events):
Event: 4.620 GC heap before
{Heap before GC invocations=0 (full 0):
 garbage-first heap   total 96256K, used 30720K [0x0000000080000000, 0x0000000100000000)
  region size 1024K, 24 young (24576K), 0 survivors (0K)
 Metaspace       used 10252K, capacity 10493K, committed 10624K, reserved 1058816K
  class space    used 1070K, capacity 1139K, committed 1152K, reserved 1048576K
}
Event: 4.651 GC heap after
{Heap after GC invocations=1 (full 0):
 garbage-first heap   total 96256K, used 9566K [0x0000000080000000, 0x0000000100000000)
  region size 1024K, 3 young (3072K), 3 survivors (3072K)
 Metaspace       used 10252K, capacity 10493K, committed 10624K, reserved 1058816K
  class space    used 1070K, capacity 1139K, committed 1152K, reserved 1048576K
}
Event: 6.660 GC heap before
{Heap before GC invocations=1 (full 0):
 garbage-first heap   total 96256K, used 49502K [0x0000000080000000, 0x0000000100000000)
  region size 1024K, 42 young (43008K), 3 survivors (3072K)
 Metaspace       used 11301K, capacity 11512K, committed 11776K, reserved 1060864K
  class space    used 1176K, capacity 1244K, committed 1280K, reserved 1048576K
}
Event: 6.668 GC heap after
{Heap after GC invocations=2 (full 0):
 garbage-first heap   total 96256K, used 14046K [0x0000000080000000, 0x0000000100000000)
  region size 1024K, 6 young (6144K), 6 survivors (6144K)
 Metaspace       used 11301K, capacity 11512K, committed 11776K, reserved 1060864K
  class space    used 1176K, capacity 1244K, committed 1280K, reserved 1048576K
}
Event: 31.120 GC heap before
{Heap before GC invocations=2 (full 0):
 garbage-first heap   total 96256K, used 56030K [0x0000000080000000, 0x0000000100000000)
  region size 1024K, 47 young (48128K), 6 survivors (6144K)
 Metaspace       used 18902K, capacity 19277K, committed 19328K, reserved 1067008K
  class space    used 2276K, capacity 2409K, committed 2432K, reserved 1048576K
}
Event: 31.237 GC heap after
{Heap after GC invocations=3 (full 0):
 garbage-first heap   total 96256K, used 17196K [0x0000000080000000, 0x0000000100000000)
  region size 1024K, 6 young (6144K), 6 survivors (6144K)
 Metaspace       used 18902K, capacity 19277K, committed 19328K, reserved 1067008K
  class space    used 2276K, capacity 2409K, committed 2432K, reserved 1048576K
}
Event: 32.878 GC heap before
{Heap before GC invocations=3 (full 0):
 garbage-first heap   total 96256K, used 35628K [0x0000000080000000, 0x0000000100000000)
  region size 1024K, 25 young (25600K), 6 survivors (6144K)
 Metaspace       used 20670K, capacity 21082K, committed 21248K, reserved 1067008K
  class space    used 2542K, capacity 2712K, committed 2816K, reserved 1048576K
}
Event: 32.899 GC heap after
{Heap after GC invocations=4 (full 0):
 garbage-first heap   total 96256K, used 17617K [0x0000000080000000, 0x0000000100000000)
  region size 1024K, 4 young (4096K), 4 survivors (4096K)
 Metaspace       used 20670K, capacity 21082K, committed 21248K, reserved 1067008K
  class space    used 2542K, capacity 2712K, committed 2816K, reserved 1048576K
}
Event: 35.262 GC heap before
{Heap before GC invocations=5 (full 0):
 garbage-first heap   total 96256K, used 54481K [0x0000000080000000, 0x0000000100000000)
  region size 1024K, 41 young (41984K), 4 survivors (4096K)
 Metaspace       used 24560K, capacity 25107K, committed 25216K, reserved 1071104K
  class space    used 3126K, capacity 3356K, committed 3456K, reserved 1048576K
}
Event: 35.273 GC heap after
{Heap after GC invocations=6 (full 0):
 garbage-first heap   total 96256K, used 18847K [0x0000000080000000, 0x0000000100000000)
  region size 1024K, 3 young (3072K), 3 survivors (3072K)
 Metaspace       used 24560K, capacity 25107K, committed 25216K, reserved 1071104K
  class space    used 3126K, capacity 3356K, committed 3456K, reserved 1048576K
}
Event: 38.846 GC heap before
{Heap before GC invocations=6 (full 0):
 garbage-first heap   total 96256K, used 58783K [0x0000000080000000, 0x0000000100000000)
  region size 1024K, 42 young (43008K), 3 survivors (3072K)
 Metaspace       used 28574K, capacity 29202K, committed 29440K, reserved 1075200K
  class space    used 3771K, capacity 4025K, committed 4096K, reserved 1048576K
}
Event: 38.910 GC heap after
{Heap after GC invocations=7 (full 0):
 garbage-first heap   total 96256K, used 20390K [0x0000000080000000, 0x0000000100000000)
  region size 1024K, 4 young (4096K), 4 survivors (4096K)
 Metaspace       used 28574K, capacity 29202K, committed 29440K, reserved 1075200K
  class space    used 3771K, capacity 4025K, committed 4096K, reserved 1048576K
}
Event: 42.527 GC heap before
{Heap before GC invocations=7 (full 0):
 garbage-first heap   total 96256K, used 54182K [0x0000000080000000, 0x0000000100000000)
  region size 1024K, 38 young (38912K), 4 survivors (4096K)
 Metaspace       used 35022K, capacity 35798K, committed 35840K, reserved 1081344K
  class space    used 4533K, capacity 4839K, committed 4864K, reserved 1048576K
}
Event: 42.588 GC heap after
{Heap after GC invocations=8 (full 0):
 garbage-first heap   total 96256K, used 22809K [0x0000000080000000, 0x0000000100000000)
  region size 1024K, 6 young (6144K), 6 survivors (6144K)
 Metaspace       used 35022K, capacity 35798K, committed 35840K, reserved 1081344K
  class space    used 4533K, capacity 4839K, committed 4864K, reserved 1048576K
}
Event: 47.271 GC heap before
{Heap before GC invocations=9 (full 0):
 garbage-first heap   total 96256K, used 66841K [0x0000000080000000, 0x0000000100000000)
  region size 1024K, 47 young (48128K), 6 survivors (6144K)
 Metaspace       used 39093K, capacity 39987K, committed 40140K, reserved 1083392K
  class space    used 4968K, capacity 5316K, committed 5376K, reserved 1048576K
}
Event: 47.435 GC heap after
{Heap after GC invocations=10 (full 0):
 garbage-first heap   total 115712K, used 27095K [0x0000000080000000, 0x0000000100000000)
  region size 1024K, 6 young (6144K), 6 survivors (6144K)
 Metaspace       used 39093K, capacity 39987K, committed 40140K, reserved 1083392K
  class space    used 4968K, capacity 5316K, committed 5376K, reserved 1048576K
}
Event: 50.009 GC heap before
{Heap before GC invocations=10 (full 0):
 garbage-first heap   total 115712K, used 76247K [0x0000000080000000, 0x0000000100000000)
  region size 1024K, 54 young (55296K), 6 survivors (6144K)
 Metaspace       used 42780K, capacity 43738K, committed 44108K, reserved 1087488K
  class space    used 5523K, capacity 5896K, committed 6016K, reserved 1048576K
}
Event: 50.062 GC heap after
{Heap after GC invocations=11 (full 0):
 garbage-first heap   total 115712K, used 30003K [0x0000000080000000, 0x0000000100000000)
  region size 1024K, 7 young (7168K), 7 survivors (7168K)
 Metaspace       used 42780K, capacity 43738K, committed 44108K, reserved 1087488K
  class space    used 5523K, capacity 5896K, committed 6016K, reserved 1048576K
}
Event: 52.279 GC heap before
{Heap before GC invocations=11 (full 0):
 garbage-first heap   total 115712K, used 81203K [0x0000000080000000, 0x0000000100000000)
  region size 1024K, 56 young (57344K), 7 survivors (7168K)
 Metaspace       used 46802K, capacity 47948K, committed 48204K, reserved 1091584K
  class space    used 6033K, capacity 6446K, committed 6528K, reserved 1048576K
}
Event: 52.299 GC heap after
{Heap after GC invocations=12 (full 0):
 garbage-first heap   total 115712K, used 31973K [0x0000000080000000, 0x0000000100000000)
  region size 1024K, 5 young (5120K), 5 survivors (5120K)
 Metaspace       used 46802K, capacity 47948K, committed 48204K, reserved 1091584K
  class space    used 6033K, capacity 6446K, committed 6528K, reserved 1048576K
}

